# JRE version: OpenJDK Runtime Environment (11.0.10) (build 11.0.10+0-b96-7249189)
# Java VM: OpenJDK 64-Bit Server VM (11.0.10+0-b96-7249189, mixed mode, tiered, compressed oops, g1 gc, windows-amd64)
Heap:
 garbage-first heap   total 1211392K, used 151668K [0x0000000080000000, 0x0000000100000000)
  region size 1024K, 3 young (3072K), 3 survivors (3072K)
 Metaspace       used 125072K, capacity 128799K, committed 129024K, reserved 1161216K
  class space    used 15721K, capacity 17090K, committed 17152K, reserved 1048576K
GC Heap History (20 events):
Event: 857.668 GC heap after
{Heap after GC invocations=107 (full 0):
 garbage-first heap   total 445440K, used 147126K [0x0000000080000000, 0x0000000100000000)
  region size 1024K, 2 young (2048K), 2 survivors (2048K)
 Metaspace       used 124299K, capacity 127973K, committed 128128K, reserved 1161216K
  class space    used 15645K, capacity 17015K, committed 17024K, reserved 1048576K
}
Event: 857.906 GC heap before
{Heap before GC invocations=107 (full 0):
 garbage-first heap   total 445440K, used 170678K [0x0000000080000000, 0x0000000100000000)
  region size 1024K, 25 young (25600K), 2 survivors (2048K)
 Metaspace       used 124408K, capacity 128104K, committed 128128K, reserved 1161216K
  class space    used 15652K, capacity 17015K, committed 17024K, reserved 1048576K
}
Event: 857.912 GC heap after
{Heap after GC invocations=108 (full 0):
 garbage-first heap   total 445440K, used 147321K [0x0000000080000000, 0x0000000100000000)
  region size 1024K, 2 young (2048K), 2 survivors (2048K)
 Metaspace       used 124408K, capacity 128104K, committed 128128K, reserved 1161216K
  class space    used 15652K, capacity 17015K, committed 17024K, reserved 1048576K
}
Event: 858.176 GC heap before
{Heap before GC invocations=108 (full 0):
 garbage-first heap   total 445440K, used 179065K [0x0000000080000000, 0x0000000100000000)
  region size 1024K, 34 young (34816K), 2 survivors (2048K)
 Metaspace       used 124610K, capacity 128312K, committed 128384K, reserved 1161216K
  class space    used 15667K, capacity 17017K, committed 17024K, reserved 1048576K
}
Event: 858.193 GC heap after
{Heap after GC invocations=109 (full 0):
 garbage-first heap   total 445440K, used 147798K [0x0000000080000000, 0x0000000100000000)
  region size 1024K, 2 young (2048K), 2 survivors (2048K)
 Metaspace       used 124610K, capacity 128312K, committed 128384K, reserved 1161216K
  class space    used 15667K, capacity 17017K, committed 17024K, reserved 1048576K
}
Event: 858.584 GC heap before
{Heap before GC invocations=109 (full 0):
 garbage-first heap   total 445440K, used 189782K [0x0000000080000000, 0x0000000100000000)
  region size 1024K, 43 young (44032K), 2 survivors (2048K)
 Metaspace       used 124738K, capacity 128424K, committed 128768K, reserved 1161216K
  class space    used 15684K, capacity 17034K, committed 17152K, reserved 1048576K
}
Event: 858.635 GC heap after
{Heap after GC invocations=110 (full 0):
 garbage-first heap   total 445440K, used 147957K [0x0000000080000000, 0x0000000100000000)
  region size 1024K, 3 young (3072K), 3 survivors (3072K)
 Metaspace       used 124738K, capacity 128424K, committed 128768K, reserved 1161216K
  class space    used 15684K, capacity 17034K, committed 17152K, reserved 1048576K
}
Event: 859.168 GC heap before
{Heap before GC invocations=110 (full 0):
 garbage-first heap   total 445440K, used 200181K [0x0000000080000000, 0x0000000100000000)
  region size 1024K, 54 young (55296K), 3 survivors (3072K)
 Metaspace       used 124844K, capacity 128544K, committed 128768K, reserved 1161216K
  class space    used 15695K, capacity 17071K, committed 17152K, reserved 1048576K
}
Event: 859.194 GC heap after
{Heap after GC invocations=111 (full 0):
 garbage-first heap   total 445440K, used 148822K [0x0000000080000000, 0x0000000100000000)
  region size 1024K, 3 young (3072K), 3 survivors (3072K)
 Metaspace       used 124844K, capacity 128544K, committed 128768K, reserved 1161216K
  class space    used 15695K, capacity 17071K, committed 17152K, reserved 1048576K
}
Event: 859.843 GC heap before
{Heap before GC invocations=111 (full 0):
 garbage-first heap   total 445440K, used 212310K [0x0000000080000000, 0x0000000100000000)
  region size 1024K, 65 young (66560K), 3 survivors (3072K)
 Metaspace       used 124906K, capacity 128617K, committed 128768K, reserved 1161216K
  class space    used 15699K, capacity 17073K, committed 17152K, reserved 1048576K
}
Event: 859.941 GC heap after
{Heap after GC invocations=112 (full 0):
 garbage-first heap   total 445440K, used 149665K [0x0000000080000000, 0x0000000100000000)
  region size 1024K, 4 young (4096K), 4 survivors (4096K)
 Metaspace       used 124906K, capacity 128617K, committed 128768K, reserved 1161216K
  class space    used 15699K, capacity 17073K, committed 17152K, reserved 1048576K
}
Event: 861.311 GC heap before
{Heap before GC invocations=112 (full 0):
 garbage-first heap   total 445440K, used 220321K [0x0000000080000000, 0x0000000100000000)
  region size 1024K, 73 young (74752K), 4 survivors (4096K)
 Metaspace       used 124938K, capacity 128627K, committed 128768K, reserved 1161216K
  class space    used 15702K, capacity 17076K, committed 17152K, reserved 1048576K
}
Event: 862.394 GC heap after
{Heap after GC invocations=113 (full 0):
 garbage-first heap   total 619520K, used 150247K [0x0000000080000000, 0x0000000100000000)
  region size 1024K, 5 young (5120K), 5 survivors (5120K)
 Metaspace       used 124938K, capacity 128627K, committed 128768K, reserved 1161216K
  class space    used 15702K, capacity 17076K, committed 17152K, reserved 1048576K
}
Event: 863.464 GC heap before
{Heap before GC invocations=113 (full 0):
 garbage-first heap   total 619520K, used 175847K [0x0000000080000000, 0x0000000100000000)
  region size 1024K, 30 young (30720K), 5 survivors (5120K)
 Metaspace       used 124974K, capacity 128691K, committed 128768K, reserved 1161216K
  class space    used 15706K, capacity 17076K, committed 17152K, reserved 1048576K
}
Event: 863.918 GC heap after
{Heap after GC invocations=114 (full 0):
 garbage-first heap   total 619520K, used 150814K [0x0000000080000000, 0x0000000100000000)
  region size 1024K, 3 young (3072K), 3 survivors (3072K)
 Metaspace       used 124974K, capacity 128691K, committed 128768K, reserved 1161216K
  class space    used 15706K, capacity 17076K, committed 17152K, reserved 1048576K
}
Event: 865.500 GC heap before
{Heap before GC invocations=114 (full 0):
 garbage-first heap   total 619520K, used 178462K [0x0000000080000000, 0x0000000100000000)
  region size 1024K, 30 young (30720K), 3 survivors (3072K)
 Metaspace       used 124985K, capacity 128692K, committed 128768K, reserved 1161216K
  class space    used 15707K, capacity 17076K, committed 17152K, reserved 1048576K
}
Event: 866.292 GC heap after
{Heap after GC invocations=115 (full 0):
 garbage-first heap   total 619520K, used 150969K [0x0000000080000000, 0x0000000100000000)
  region size 1024K, 3 young (3072K), 3 survivors (3072K)
 Metaspace       used 124985K, capacity 128692K, committed 128768K, reserved 1161216K
  class space    used 15707K, capacity 17076K, committed 17152K, reserved 1048576K
}
Event: 872.016 GC heap before
{Heap before GC invocations=115 (full 0):
 garbage-first heap   total 619520K, used 178617K [0x0000000080000000, 0x0000000100000000)
  region size 1024K, 30 young (30720K), 3 survivors (3072K)
 Metaspace       used 124995K, capacity 128692K, committed 128768K, reserved 1161216K
  class space    used 15708K, capacity 17076K, committed 17152K, reserved 1048576K
}
Event: 873.611 GC heap after
{Heap after GC invocations=116 (full 0):
 garbage-first heap   total 619520K, used 151479K [0x0000000080000000, 0x0000000100000000)
  region size 1024K, 3 young (3072K), 3 survivors (3072K)
 Metaspace       used 124995K, capacity 128692K, committed 128768K, reserved 1161216K
  class space    used 15708K, capacity 17076K, committed 17152K, reserved 1048576K
}
Event: 884.787 GC heap before
{Heap before GC invocations=116 (full 0):
 garbage-first heap   total 619520K, used 179127K [0x0000000080000000, 0x0000000100000000)
  region size 1024K, 30 young (30720K), 3 survivors (3072K)
 Metaspace       used 125072K, capacity 128799K, committed 129024K, reserved 1161216K
  class space    used 15721K, capacity 17090K, committed 17152K, reserved 1048576K
}

