# JRE version: OpenJDK Runtime Environment (11.0.10) (build 11.0.10+0-b96-7249189)
# Java VM: OpenJDK 64-Bit Server VM (11.0.10+0-b96-7249189, mixed mode, tiered, compressed oops, g1 gc, windows-amd64)
Heap:
 garbage-first heap   total 275456K, used 93859K [0x0000000080000000, 0x0000000100000000)
  region size 1024K, 2 young (2048K), 2 survivors (2048K)
 Metaspace       used 108504K, capacity 111601K, committed 111948K, reserved 1146880K
  class space    used 14170K, capacity 15326K, committed 15436K, reserved 1048576K
GC Heap History (20 events):
Event: 240.074 GC heap before
{Heap before GC invocations=62 (full 0):
 garbage-first heap   total 159744K, used 115536K [0x0000000080000000, 0x0000000100000000)
  region size 1024K, 26 young (26624K), 3 survivors (3072K)
 Metaspace       used 91804K, capacity 94309K, committed 95692K, reserved 1132544K
  class space    used 11661K, capacity 12552K, committed 12748K, reserved 1048576K
}
Event: 240.228 GC heap after
{Heap after GC invocations=63 (full 0):
 garbage-first heap   total 159744K, used 98835K [0x0000000080000000, 0x0000000100000000)
  region size 1024K, 4 young (4096K), 4 survivors (4096K)
 Metaspace       used 91804K, capacity 94309K, committed 95692K, reserved 1132544K
  class space    used 11661K, capacity 12552K, committed 12748K, reserved 1048576K
}
Event: 240.448 GC heap before
{Heap before GC invocations=63 (full 0):
 garbage-first heap   total 159744K, used 101907K [0x0000000080000000, 0x0000000100000000)
  region size 1024K, 7 young (7168K), 4 survivors (4096K)
 Metaspace       used 91907K, capacity 94351K, committed 95692K, reserved 1132544K
  class space    used 11670K, capacity 12591K, committed 12748K, reserved 1048576K
}
Event: 240.571 GC heap after
{Heap after GC invocations=64 (full 0):
 garbage-first heap   total 159744K, used 88646K [0x0000000080000000, 0x0000000100000000)
  region size 1024K, 1 young (1024K), 1 survivors (1024K)
 Metaspace       used 91907K, capacity 94351K, committed 95692K, reserved 1132544K
  class space    used 11670K, capacity 12591K, committed 12748K, reserved 1048576K
}
Event: 241.507 GC heap before
{Heap before GC invocations=64 (full 0):
 garbage-first heap   total 159744K, used 113222K [0x0000000080000000, 0x0000000100000000)
  region size 1024K, 26 young (26624K), 1 survivors (1024K)
 Metaspace       used 93241K, capacity 95637K, committed 95692K, reserved 1132544K
  class space    used 11819K, capacity 12720K, committed 12748K, reserved 1048576K
}
Event: 241.527 GC heap after
{Heap after GC invocations=65 (full 0):
 garbage-first heap   total 159744K, used 88843K [0x0000000080000000, 0x0000000100000000)
  region size 1024K, 2 young (2048K), 2 survivors (2048K)
 Metaspace       used 93241K, capacity 95637K, committed 95692K, reserved 1132544K
  class space    used 11819K, capacity 12720K, committed 12748K, reserved 1048576K
}
Event: 243.462 GC heap before
{Heap before GC invocations=66 (full 0):
 garbage-first heap   total 159744K, used 114443K [0x0000000080000000, 0x0000000100000000)
  region size 1024K, 28 young (28672K), 2 survivors (2048K)
 Metaspace       used 94725K, capacity 97264K, committed 97484K, reserved 1134592K
  class space    used 11993K, capacity 12935K, committed 13004K, reserved 1048576K
}
Event: 243.473 GC heap after
{Heap after GC invocations=67 (full 0):
 garbage-first heap   total 159744K, used 90360K [0x0000000080000000, 0x0000000100000000)
  region size 1024K, 3 young (3072K), 3 survivors (3072K)
 Metaspace       used 94725K, capacity 97264K, committed 97484K, reserved 1134592K
  class space    used 11993K, capacity 12935K, committed 13004K, reserved 1048576K
}
Event: 243.798 GC heap before
{Heap before GC invocations=67 (full 0):
 garbage-first heap   total 159744K, used 94456K [0x0000000080000000, 0x0000000100000000)
  region size 1024K, 7 young (7168K), 3 survivors (3072K)
 Metaspace       used 94806K, capacity 97445K, committed 97740K, reserved 1134592K
  class space    used 12012K, capacity 12950K, committed 13004K, reserved 1048576K
}
Event: 243.822 GC heap after
{Heap after GC invocations=68 (full 0):
 garbage-first heap   total 159744K, used 89803K [0x0000000080000000, 0x0000000100000000)
  region size 1024K, 1 young (1024K), 1 survivors (1024K)
 Metaspace       used 94806K, capacity 97445K, committed 97740K, reserved 1134592K
  class space    used 12012K, capacity 12950K, committed 13004K, reserved 1048576K
}
Event: 247.283 GC heap before
{Heap before GC invocations=68 (full 0):
 garbage-first heap   total 159744K, used 119499K [0x0000000080000000, 0x0000000100000000)
  region size 1024K, 31 young (31744K), 1 survivors (1024K)
 Metaspace       used 100613K, capacity 103282K, committed 103500K, reserved 1138688K
  class space    used 12860K, capacity 13855K, committed 13900K, reserved 1048576K
}
Event: 247.354 GC heap after
{Heap after GC invocations=69 (full 0):
 garbage-first heap   total 159744K, used 91067K [0x0000000080000000, 0x0000000100000000)
  region size 1024K, 2 young (2048K), 2 survivors (2048K)
 Metaspace       used 100613K, capacity 103282K, committed 103500K, reserved 1138688K
  class space    used 12860K, capacity 13855K, committed 13900K, reserved 1048576K
}
Event: 274.643 GC heap before
{Heap before GC invocations=69 (full 0):
 garbage-first heap   total 159744K, used 122811K [0x0000000080000000, 0x0000000100000000)
  region size 1024K, 34 young (34816K), 2 survivors (2048K)
 Metaspace       used 106095K, capacity 109136K, committed 109260K, reserved 1142784K
  class space    used 13875K, capacity 15038K, committed 15052K, reserved 1048576K
}
Event: 275.224 GC heap after
{Heap after GC invocations=70 (full 0):
 garbage-first heap   total 159744K, used 92091K [0x0000000080000000, 0x0000000100000000)
  region size 1024K, 3 young (3072K), 3 survivors (3072K)
 Metaspace       used 106095K, capacity 109136K, committed 109260K, reserved 1142784K
  class space    used 13875K, capacity 15038K, committed 15052K, reserved 1048576K
}
Event: 275.972 GC heap before
{Heap before GC invocations=70 (full 0):
 garbage-first heap   total 159744K, used 96187K [0x0000000080000000, 0x0000000100000000)
  region size 1024K, 7 young (7168K), 3 survivors (3072K)
 Metaspace       used 106324K, capacity 109360K, committed 109644K, reserved 1144832K
  class space    used 13905K, capacity 15070K, committed 15180K, reserved 1048576K
}
Event: 276.087 GC heap after
{Heap after GC invocations=71 (full 0):
 garbage-first heap   total 159744K, used 92301K [0x0000000080000000, 0x0000000100000000)
  region size 1024K, 1 young (1024K), 1 survivors (1024K)
 Metaspace       used 106324K, capacity 109360K, committed 109644K, reserved 1144832K
  class space    used 13905K, capacity 15070K, committed 15180K, reserved 1048576K
}
Event: 276.719 GC heap before
{Heap before GC invocations=71 (full 0):
 garbage-first heap   total 159744K, used 97421K [0x0000000080000000, 0x0000000100000000)
  region size 1024K, 7 young (7168K), 1 survivors (1024K)
 Metaspace       used 106752K, capacity 109808K, committed 109900K, reserved 1144832K
  class space    used 13970K, capacity 15134K, committed 15180K, reserved 1048576K
}
Event: 276.726 GC heap after
{Heap after GC invocations=72 (full 0):
 garbage-first heap   total 159744K, used 92071K [0x0000000080000000, 0x0000000100000000)
  region size 1024K, 1 young (1024K), 1 survivors (1024K)
 Metaspace       used 106752K, capacity 109808K, committed 109900K, reserved 1144832K
  class space    used 13970K, capacity 15134K, committed 15180K, reserved 1048576K
}
Event: 279.290 GC heap before
{Heap before GC invocations=72 (full 0):
 garbage-first heap   total 159744K, used 106407K [0x0000000080000000, 0x0000000100000000)
  region size 1024K, 15 young (15360K), 1 survivors (1024K)
 Metaspace       used 107864K, capacity 110896K, committed 111052K, reserved 1144832K
  class space    used 14111K, capacity 15262K, committed 15308K, reserved 1048576K
}
Event: 279.587 GC heap after
{Heap after GC invocations=73 (full 0):
 garbage-first heap   total 159744K, used 92159K [0x0000000080000000, 0x0000000100000000)
  region size 1024K, 1 young (1024K), 1 survivors (1024K)
 Metaspace       used 107864K, capacity 110896K, committed 111052K, reserved 1144832K
  class space    used 14111K, capacity 15262K, committed 15308K, reserved 1048576K
}

