# JRE version: OpenJDK Runtime Environment (11.0.10) (build 11.0.10+0-b96-7249189)
# Java VM: OpenJDK 64-Bit Server VM (11.0.10+0-b96-7249189, mixed mode, tiered, compressed oops, g1 gc, windows-amd64)
Heap:
 garbage-first heap   total 131072K, used 87471K [0x0000000080000000, 0x0000000100000000)
  region size 1024K, 35 young (35840K), 6 survivors (6144K)
 Metaspace       used 78660K, capacity 80672K, committed 80716K, reserved 1118208K
  class space    used 10285K, capacity 11042K, committed 11084K, reserved 1048576K
GC Heap History (20 events):
Event: 24.915 GC heap before
{Heap before GC invocations=42 (full 0):
 garbage-first heap   total 76800K, used 57974K [0x0000000080000000, 0x0000000100000000)
  region size 1024K, 15 young (15360K), 2 survivors (2048K)
 Metaspace       used 60210K, capacity 61664K, committed 61900K, reserved 1103872K
  class space    used 7615K, capacity 8125K, committed 8140K, reserved 1048576K
}
Event: 24.924 GC heap after
{Heap after GC invocations=43 (full 0):
 garbage-first heap   total 76800K, used 46566K [0x0000000080000000, 0x0000000100000000)
  region size 1024K, 2 young (2048K), 2 survivors (2048K)
 Metaspace       used 60210K, capacity 61664K, committed 61900K, reserved 1103872K
  class space    used 7615K, capacity 8125K, committed 8140K, reserved 1048576K
}
Event: 25.324 GC heap before
{Heap before GC invocations=44 (full 0):
 garbage-first heap   total 76800K, used 58854K [0x0000000080000000, 0x0000000100000000)
  region size 1024K, 14 young (14336K), 2 survivors (2048K)
 Metaspace       used 61509K, capacity 62931K, committed 63180K, reserved 1103872K
  class space    used 7776K, capacity 8289K, committed 8396K, reserved 1048576K
}
Event: 25.328 GC heap after
{Heap after GC invocations=45 (full 0):
 garbage-first heap   total 76800K, used 47498K [0x0000000080000000, 0x0000000100000000)
  region size 1024K, 1 young (1024K), 1 survivors (1024K)
 Metaspace       used 61509K, capacity 62931K, committed 63180K, reserved 1103872K
  class space    used 7776K, capacity 8289K, committed 8396K, reserved 1048576K
}
Event: 25.629 GC heap before
{Heap before GC invocations=45 (full 0):
 garbage-first heap   total 76800K, used 57738K [0x0000000080000000, 0x0000000100000000)
  region size 1024K, 12 young (12288K), 1 survivors (1024K)
 Metaspace       used 62550K, capacity 63988K, committed 64332K, reserved 1105920K
  class space    used 7918K, capacity 8427K, committed 8524K, reserved 1048576K
}
Event: 25.637 GC heap after
{Heap after GC invocations=46 (full 0):
 garbage-first heap   total 76800K, used 48335K [0x0000000080000000, 0x0000000100000000)
  region size 1024K, 2 young (2048K), 2 survivors (2048K)
 Metaspace       used 62550K, capacity 63988K, committed 64332K, reserved 1105920K
  class space    used 7918K, capacity 8427K, committed 8524K, reserved 1048576K
}
Event: 25.983 GC heap before
{Heap before GC invocations=47 (full 0):
 garbage-first heap   total 76800K, used 61647K [0x0000000080000000, 0x0000000100000000)
  region size 1024K, 14 young (14336K), 2 survivors (2048K)
 Metaspace       used 63350K, capacity 64834K, committed 64972K, reserved 1105920K
  class space    used 8045K, capacity 8596K, committed 8652K, reserved 1048576K
}
Event: 25.994 GC heap after
{Heap after GC invocations=48 (full 0):
 garbage-first heap   total 97280K, used 48737K [0x0000000080000000, 0x0000000100000000)
  region size 1024K, 2 young (2048K), 2 survivors (2048K)
 Metaspace       used 63350K, capacity 64834K, committed 64972K, reserved 1105920K
  class space    used 8045K, capacity 8596K, committed 8652K, reserved 1048576K
}
Event: 26.474 GC heap before
{Heap before GC invocations=48 (full 0):
 garbage-first heap   total 97280K, used 69217K [0x0000000080000000, 0x0000000100000000)
  region size 1024K, 22 young (22528K), 2 survivors (2048K)
 Metaspace       used 63795K, capacity 65360K, committed 65612K, reserved 1105920K
  class space    used 8096K, capacity 8666K, committed 8780K, reserved 1048576K
}
Event: 26.482 GC heap after
{Heap after GC invocations=49 (full 0):
 garbage-first heap   total 97280K, used 51114K [0x0000000080000000, 0x0000000100000000)
  region size 1024K, 3 young (3072K), 3 survivors (3072K)
 Metaspace       used 63795K, capacity 65360K, committed 65612K, reserved 1105920K
  class space    used 8096K, capacity 8666K, committed 8780K, reserved 1048576K
}
Event: 27.808 GC heap before
{Heap before GC invocations=50 (full 0):
 garbage-first heap   total 97280K, used 71594K [0x0000000080000000, 0x0000000100000000)
  region size 1024K, 23 young (23552K), 3 survivors (3072K)
 Metaspace       used 66549K, capacity 68134K, committed 68300K, reserved 1107968K
  class space    used 8563K, capacity 9121K, committed 9164K, reserved 1048576K
}
Event: 27.848 GC heap after
{Heap after GC invocations=51 (full 0):
 garbage-first heap   total 97280K, used 52229K [0x0000000080000000, 0x0000000100000000)
  region size 1024K, 2 young (2048K), 2 survivors (2048K)
 Metaspace       used 66549K, capacity 68134K, committed 68300K, reserved 1107968K
  class space    used 8563K, capacity 9121K, committed 9164K, reserved 1048576K
}
Event: 29.246 GC heap before
{Heap before GC invocations=51 (full 0):
 garbage-first heap   total 97280K, used 72709K [0x0000000080000000, 0x0000000100000000)
  region size 1024K, 22 young (22528K), 2 survivors (2048K)
 Metaspace       used 68650K, capacity 70270K, committed 70476K, reserved 1110016K
  class space    used 8872K, capacity 9463K, committed 9548K, reserved 1048576K
}
Event: 29.254 GC heap after
{Heap after GC invocations=52 (full 0):
 garbage-first heap   total 97280K, used 53403K [0x0000000080000000, 0x0000000100000000)
  region size 1024K, 3 young (3072K), 3 survivors (3072K)
 Metaspace       used 68650K, capacity 70270K, committed 70476K, reserved 1110016K
  class space    used 8872K, capacity 9463K, committed 9548K, reserved 1048576K
}
Event: 30.999 GC heap before
{Heap before GC invocations=53 (full 0):
 garbage-first heap   total 97280K, used 74907K [0x0000000080000000, 0x0000000100000000)
  region size 1024K, 24 young (24576K), 3 survivors (3072K)
 Metaspace       used 70944K, capacity 72593K, committed 72908K, reserved 1112064K
  class space    used 9209K, capacity 9829K, committed 9932K, reserved 1048576K
}
Event: 31.020 GC heap after
{Heap after GC invocations=54 (full 0):
 garbage-first heap   total 131072K, used 54753K [0x0000000080000000, 0x0000000100000000)
  region size 1024K, 3 young (3072K), 3 survivors (3072K)
 Metaspace       used 70944K, capacity 72593K, committed 72908K, reserved 1112064K
  class space    used 9209K, capacity 9829K, committed 9932K, reserved 1048576K
}
Event: 32.741 GC heap before
{Heap before GC invocations=54 (full 0):
 garbage-first heap   total 131072K, used 91617K [0x0000000080000000, 0x0000000100000000)
  region size 1024K, 39 young (39936K), 3 survivors (3072K)
 Metaspace       used 75252K, capacity 76971K, committed 77132K, reserved 1116160K
  class space    used 9796K, capacity 10438K, committed 10572K, reserved 1048576K
}
Event: 32.758 GC heap after
{Heap after GC invocations=55 (full 0):
 garbage-first heap   total 131072K, used 57139K [0x0000000080000000, 0x0000000100000000)
  region size 1024K, 5 young (5120K), 5 survivors (5120K)
 Metaspace       used 75252K, capacity 76971K, committed 77132K, reserved 1116160K
  class space    used 9796K, capacity 10438K, committed 10572K, reserved 1048576K
}
Event: 38.431 GC heap before
{Heap before GC invocations=55 (full 0):
 garbage-first heap   total 131072K, used 96051K [0x0000000080000000, 0x0000000100000000)
  region size 1024K, 43 young (44032K), 5 survivors (5120K)
 Metaspace       used 78221K, capacity 80169K, committed 80460K, reserved 1118208K
  class space    used 10248K, capacity 10966K, committed 11084K, reserved 1048576K
}
Event: 38.605 GC heap after
{Heap after GC invocations=56 (full 0):
 garbage-first heap   total 131072K, used 59823K [0x0000000080000000, 0x0000000100000000)
  region size 1024K, 6 young (6144K), 6 survivors (6144K)
 Metaspace       used 78221K, capacity 80169K, committed 80460K, reserved 1118208K
  class space    used 10248K, capacity 10966K, committed 11084K, reserved 1048576K
}

